<?xml version="1.0" encoding="UTF-8"?>
<!-- Generated by org.testng.reporters.JUnitReportReporter -->
<testsuite hostname="LAPTOP-CD3D46K5" failures="0" tests="2" name="org.Automation.Test.TC_01" time="8.771" errors="0" timestamp="21 Feb 2024 13:33:33 GMT">
  <testcase classname="org.Automation.Test.TC_01" name="login" time="5.724"/>
  <testcase classname="org.Automation.Test.TC_01" name="login" time="3.047"/>
</testsuite> <!-- org.Automation.Test.TC_01 -->
