<?xml version="1.0" encoding="UTF-8"?>
<!-- Generated by org.testng.reporters.JUnitReportReporter -->
<testsuite hostname="LAPTOP-CD3D46K5" failures="0" tests="2" name="org.Automation.Test.Testcases" time="0.014" errors="0" timestamp="21 Feb 2024 10:28:34 GMT">
  <testcase classname="org.Automation.Test.Testcases" name="testtofail" time="0.012"/>
  <testcase classname="org.Automation.Test.Testcases" name="testtopass" time="0.002"/>
</testsuite> <!-- org.Automation.Test.Testcases -->
