<?xml version="1.0" encoding="UTF-8"?>
<!-- Generated by org.testng.reporters.JUnitReportReporter -->
<testsuite hostname="LAPTOP-CD3D46K5" failures="0" tests="2" name="extentre.Testcases" time="0.030" errors="0" timestamp="7 Feb 2024 09:35:51 GMT">
  <testcase classname="extentre.Testcases" name="testtofail" time="0.024"/>
  <testcase classname="extentre.Testcases" name="testtopass" time="0.006"/>
</testsuite> <!-- extentre.Testcases -->
