<?xml version="1.0" encoding="UTF-8"?>
<!-- Generated by org.testng.reporters.JUnitReportReporter -->
<testsuite hostname="LAPTOP-CD3D46K5" failures="0" tests="1" name="org.Automation.Test.extentReportsEx" time="3.569" errors="0" timestamp="7 Feb 2024 10:01:28 GMT">
  <testcase classname="org.Automation.Test.extentReportsEx" name="test" time="3.569"/>
</testsuite> <!-- org.Automation.Test.extentReportsEx -->
