<?xml version="1.0" encoding="UTF-8"?>
<!-- Generated by org.testng.reporters.JUnitReportReporter -->
<testsuite hostname="LAPTOP-CD3D46K5" failures="0" tests="2" name="org.Automation.Test.NewUserRegistration" time="18.576" errors="0" timestamp="7 Feb 2024 08:38:54 GMT">
  <testcase classname="org.Automation.Test.NewUserRegistration" name="newUserRegister" time="12.266"/>
  <testcase classname="org.Automation.Test.NewUserRegistration" name="newUserRegister" time="6.310"/>
</testsuite> <!-- org.Automation.Test.NewUserRegistration -->
