<?xml version="1.0" encoding="UTF-8"?>
<!-- Generated by org.testng.reporters.JUnitReportReporter -->
<testsuite hostname="LAPTOP-CD3D46K5" failures="0" tests="2" name="org.Automation.Test.TC_01" time="5.221" errors="0" timestamp="7 Feb 2024 10:08:40 GMT">
  <testcase classname="org.Automation.Test.TC_01" name="login" time="2.165"/>
  <testcase classname="org.Automation.Test.TC_01" name="login" time="3.056"/>
</testsuite> <!-- org.Automation.Test.TC_01 -->
