<?xml version="1.0" encoding="UTF-8"?>
<!-- Generated by org.testng.reporters.JUnitReportReporter -->
<testsuite hostname="LAPTOP-CD3D46K5" failures="0" tests="2" name="org.Automation.Test.Testcases" time="0.029" errors="0" timestamp="15 Feb 2024 10:01:21 GMT">
  <testcase classname="org.Automation.Test.Testcases" name="testtofail" time="0.026"/>
  <testcase classname="org.Automation.Test.Testcases" name="testtopass" time="0.003"/>
</testsuite> <!-- org.Automation.Test.Testcases -->
