<?xml version="1.0" encoding="UTF-8"?>
<!-- Generated by org.testng.reporters.JUnitReportReporter -->
<testsuite hostname="LAPTOP-CD3D46K5" failures="0" tests="1" name="com.CRM.qa.Testcases.Roughwork" time="46.348" errors="0" timestamp="29 Feb 2024 11:29:11 GMT">
  <testcase classname="com.CRM.qa.Testcases.Roughwork" name="login" time="46.348"/>
</testsuite> <!-- com.CRM.qa.Testcases.Roughwork -->
