<?xml version="1.0" encoding="UTF-8"?>
<!-- Generated by org.testng.reporters.JUnitReportReporter -->
<testsuite hostname="LAPTOP-CD3D46K5" failures="0" tests="1" name="com.CRM.qa.Testcases.HomaPageTest" time="17.510" errors="0" timestamp="29 Feb 2024 04:06:01 GMT">
  <testcase classname="com.CRM.qa.Testcases.HomaPageTest" name="verifyUserNameTest" time="17.510"/>
</testsuite> <!-- com.CRM.qa.Testcases.HomaPageTest -->
