<?xml version="1.0" encoding="UTF-8"?>
<!-- Generated by org.testng.reporters.JUnitReportReporter -->
<testsuite hostname="LAPTOP-CD3D46K5" failures="0" tests="1" name="com.CRM.qa.Testcases.ContactsPageTest" time="21.553" errors="0" timestamp="26 Feb 2024 05:31:05 GMT">
  <testcase classname="com.CRM.qa.Testcases.ContactsPageTest" name="createNewUserOnContactsPageTest" time="21.553"/>
</testsuite> <!-- com.CRM.qa.Testcases.ContactsPageTest -->
