<?xml version="1.0" encoding="UTF-8"?>
<!-- Generated by org.testng.reporters.JUnitReportReporter -->
<testsuite hostname="LAPTOP-CD3D46K5" failures="0" tests="1" name="com.CRM.qa.Testcases.CalendarPageTest" time="51.835" errors="0" timestamp="26 Feb 2024 09:54:52 GMT">
  <testcase classname="com.CRM.qa.Testcases.CalendarPageTest" name="clickOnCalendarTest" time="51.835"/>
</testsuite> <!-- com.CRM.qa.Testcases.CalendarPageTest -->
