<?xml version="1.0" encoding="UTF-8"?>
<!-- Generated by org.testng.reporters.JUnitReportReporter -->
<testsuite hostname="LAPTOP-CD3D46K5" failures="0" tests="1" name="src.test.java.PutExample" time="2.062" errors="0" timestamp="2024-02-16T15:00:17 IST" skipped="0">
  <testcase classname="src.test.java.PutExample" name="Put" time="2.062"/>
  <system-out/>
</testsuite> <!-- src.test.java.PutExample -->
